ENTER: m_allocator()
00001 nge_timer.c(00016)::??                     malloc            :         40 bytes     
                                                                 OK:   00D8A2F0 (hash: 2607)
EXIT : m_allocator()
ENTER: m_allocator()
00002 nge_timer.c(00016)::??                     malloc            :         40 bytes     
                                                                 OK:   00C8D788 (hash: 3448)
EXIT : m_allocator()
ENTER: m_allocator()
00003 nge_timer.c(00016)::??                     malloc            :         40 bytes     
                                                                 OK:   00CE47C0 (hash: 1148)
EXIT : m_allocator()
ENTER: m_allocator()
00004 nge_font_freetype.c(00072)::??             malloc            :         60 bytes     
                                                                 OK:   00CFF748 (hash: 3956)
EXIT : m_allocator()
ENTER: m_allocator()
00005 nge_font_freetype.c(00094)::??             malloc            :      2,048 (   2.00K)
                                                                 OK:   06684AB8 (hash: 1195)
EXIT : m_allocator()
ENTER: m_allocator()
00006 nge_timer.c(00016)::??                     malloc            :         40 bytes     
                                                                 OK:   00D6D5E8 (hash: 3422)
EXIT : m_allocator()
ENTER: m_deallocator()
      nge_font_freetype.c(00249)::??               free(  06684AB8)
EXIT : m_deallocator()
ENTER: m_deallocator()
      nge_font_freetype.c(00250)::??               free(  00CFF748)
EXIT : m_deallocator()
ENTER: m_allocator()
00007 nge_font_freetype.c(00072)::??             malloc            :         60 bytes     
                                                                 OK:   06690A28 (hash: 162)
EXIT : m_allocator()
ENTER: m_allocator()
00008 nge_font_freetype.c(00094)::??             malloc            :      2,048 (   2.00K)
                                                                 OK:   0669E1E8 (hash: 3614)
EXIT : m_allocator()
ENTER: m_allocator()
00009 nge_image_load.c(00290)::??                malloc            :      1,920 (   1.88K)
                                                                 OK:   066C0B30 (hash: 179)
EXIT : m_allocator()
ENTER: m_allocator()
00010 nge_image_load.c(00303)::??                malloc            :    262,144 ( 256.00K)
                                                                 OK:   066C12D8 (hash: 301)
EXIT : m_allocator()
ENTER: m_deallocator()
      nge_image_load.c(00341)::??                  free(  066C0B30)
EXIT : m_deallocator()
ENTER: m_allocator()
00011 nge_image_load.c(00346)::??                malloc            :         52 bytes     
                                                                 OK:   06690EA0 (hash: 234)
EXIT : m_allocator()
ENTER: m_allocator()
00012 nge_image_load.c(02368)::??                malloc            :         52 bytes     
                                                                 OK:   06690958 (hash: 149)
EXIT : m_allocator()
ENTER: m_allocator()
00013 nge_image_load.c(02373)::??                malloc            :    262,144 ( 256.00K)
                                                                 OK:   06701300 (hash: 304)
EXIT : m_allocator()
ENTER: m_deallocator()
      nge_image_load.c(02354)::??                  free(  066C12D8)
EXIT : m_deallocator()
ENTER: m_deallocator()
      nge_image_load.c(02355)::??                  free(  06690EA0)
EXIT : m_deallocator()
ENTER: m_allocator()
00014 nge_image_effect.c(00188)::??              malloc            :         68 bytes     
                                                                 OK:   06694E50 (hash: 1253)
EXIT : m_allocator()
ENTER: m_allocator()
00015 nge_timer.c(00016)::??                     malloc            :         40 bytes     
                                                                 OK:   066A54A8 (hash: 1354)
EXIT : m_allocator()
ENTER: m_deallocator()
      nge_timer.c(00030)::??                       free(  066A54A8)
EXIT : m_deallocator()
ENTER: m_deallocator()
      nge_image_effect.c(00176)::??                free(  06694E50)
EXIT : m_deallocator()
ENTER: m_allocator()
00016 nge_image_load.c(02292)::??                malloc            :         52 bytes     
                                                                 OK:   06690B60 (hash: 182)
EXIT : m_allocator()
ENTER: m_allocator()
00017 nge_image_load.c(02307)::??                malloc            :    524,288 ( 512.00K)
                                                                 OK:   080A2030 (hash: 515)
EXIT : m_allocator()
ENTER: m_allocator()
00018 nge_image_load.c(00290)::??                malloc            :      1,536 (   1.50K)
                                                                 OK:   06742C90 (hash: 713)
EXIT : m_allocator()
ENTER: m_allocator()
00019 nge_image_load.c(00303)::??                malloc            :     32,768 (  32.00K)
                                                                 OK:   06665B38 (hash: 1459)
EXIT : m_allocator()
ENTER: m_deallocator()
      nge_image_load.c(00341)::??                  free(  06742C90)
EXIT : m_deallocator()
ENTER: m_allocator()
00020 nge_image_load.c(00346)::??                malloc            :         52 bytes     
                                                                 OK:   06690D00 (hash: 208)
EXIT : m_allocator()
ENTER: m_deallocator()
      nge_image_load.c(02354)::??                  free(  06665B38)
EXIT : m_deallocator()
ENTER: m_deallocator()
      nge_image_load.c(02355)::??                  free(  06690D00)
EXIT : m_deallocator()
ENTER: m_allocator()
00021 nge_image_load.c(00290)::??                malloc            :      1,920 (   1.88K)
                                                                 OK:   06742C90 (hash: 713)
EXIT : m_allocator()
ENTER: m_allocator()
00022 nge_image_load.c(00303)::??                malloc            :    524,288 ( 512.00K)
                                                                 OK:   08137030 (hash: 1795)
EXIT : m_allocator()
ENTER: m_deallocator()
      nge_image_load.c(00341)::??                  free(  06742C90)
EXIT : m_deallocator()
ENTER: m_allocator()
00023 nge_image_load.c(00346)::??                malloc            :         52 bytes     
                                                                 OK:   06690C98 (hash: 201)
EXIT : m_allocator()
ENTER: m_allocator()
00024 nge_image_load.c(00290)::??                malloc            :        684 bytes     
                                                                 OK:   06660DA8 (hash: 218)
EXIT : m_allocator()
ENTER: m_allocator()
00025 nge_image_load.c(00303)::??                malloc            :     16,384 (  16.00K)
                                                                 OK:   066F0730 (hash: 115)
EXIT : m_allocator()
ENTER: m_deallocator()
      nge_image_load.c(00341)::??                  free(  06660DA8)
EXIT : m_deallocator()
ENTER: m_allocator()
00026 nge_image_load.c(00346)::??                malloc            :         52 bytes     
                                                                 OK:   06690BC8 (hash: 188)
EXIT : m_allocator()
ENTER: m_allocator()
00027 nge_image_load.c(00290)::??                malloc            :         60 bytes     
                                                                 OK:   06690D00 (hash: 208)
EXIT : m_allocator()
ENTER: m_allocator()
00028 nge_image_load.c(00303)::??                malloc            :      1,024 bytes     
                                                                 OK:   06660DA8 (hash: 218)
EXIT : m_allocator()
ENTER: m_deallocator()
      nge_image_load.c(00341)::??                  free(  06690D00)
EXIT : m_deallocator()
ENTER: m_allocator()
00029 nge_image_load.c(00346)::??                malloc            :         52 bytes     
                                                                 OK:   066908F0 (hash: 143)
EXIT : m_allocator()
ENTER: m_allocator()
00030 nge_image_load.c(00290)::??                malloc            :        684 bytes     
                                                                 OK:   00D27068 (hash: 1798)
EXIT : m_allocator()
ENTER: m_allocator()
00031 nge_image_load.c(00303)::??                malloc            :     16,384 (  16.00K)
                                                                 OK:   066F4758 (hash: 1141)
EXIT : m_allocator()
ENTER: m_deallocator()
      nge_image_load.c(00341)::??                  free(  00D27068)
EXIT : m_deallocator()
ENTER: m_allocator()
00032 nge_image_load.c(00346)::??                malloc            :         52 bytes     
                                                                 OK:   06690E38 (hash: 227)
EXIT : m_allocator()
ENTER: m_allocator()
00033 nge_image_load.c(00290)::??                malloc            :         60 bytes     
                                                                 OK:   06690D00 (hash: 208)
EXIT : m_allocator()
ENTER: m_allocator()
00034 nge_image_load.c(00303)::??                malloc            :      1,024 bytes     
                                                                 OK:   00D27068 (hash: 1798)
EXIT : m_allocator()
ENTER: m_deallocator()
      nge_image_load.c(00341)::??                  free(  06690D00)
EXIT : m_deallocator()
ENTER: m_allocator()
00035 nge_image_load.c(00346)::??                malloc            :         52 bytes     
                                                                 OK:   06690D00 (hash: 208)
EXIT : m_allocator()
ENTER: m_allocator()
00036 nge_image_load.c(00290)::??                malloc            :        684 bytes     
                                                                 OK:   00D25EA8 (hash: 1514)
EXIT : m_allocator()
ENTER: m_allocator()
00037 nge_image_load.c(00303)::??                malloc            :     16,384 (  16.00K)
                                                                 OK:   066F8780 (hash: 2168)
EXIT : m_allocator()
ENTER: m_deallocator()
      nge_image_load.c(00341)::??                  free(  00D25EA8)
EXIT : m_deallocator()
ENTER: m_allocator()
00038 nge_image_load.c(00346)::??                malloc            :         52 bytes     
                                                                 OK:   06690750 (hash: 117)
EXIT : m_allocator()
ENTER: m_allocator()
00039 nge_image_load.c(00290)::??                malloc            :         60 bytes     
                                                                 OK:   066907B8 (hash: 123)
EXIT : m_allocator()
ENTER: m_allocator()
00040 nge_image_load.c(00303)::??                malloc            :      1,024 bytes     
                                                                 OK:   00D25EA8 (hash: 1514)
EXIT : m_allocator()
ENTER: m_deallocator()
      nge_image_load.c(00341)::??                  free(  066907B8)
EXIT : m_deallocator()
ENTER: m_allocator()
00041 nge_image_load.c(00346)::??                malloc            :         52 bytes     
                                                                 OK:   06690DD0 (hash: 221)
EXIT : m_allocator()
